<?xml version="1.0" encoding="UTF-8"?>
<!-- Generated by org.testng.reporters.JUnitReportReporter -->
<testsuite hostname="Egipad061" name="example.NewTest" tests="1" failures="0" timestamp="24 Jul 2018 12:48:10 GMT" time="27.280" errors="0">
  <testcase name="testEasy" time="27.280" classname="example.NewTest"/>
</testsuite> <!-- example.NewTest -->
